1688997086305	geckodriver	INFO	Listening on 127.0.0.1:58657
1688997086697	mozrunner::runner	INFO	Running command: MOZ_CRASHREPORTER="1" MOZ_CRASHREPORTER_NO_REPORT="1" MOZ_CRASHREPORTER_SHUTDOWN="1" MOZ_NO_REMOTE="1" "/App ... s" "localhost" "-foreground" "-no-remote" "-profile" "/var/folders/f_/bxc15jj137xdzs1qcqlkl9fm0000gn/T/rust_mozprofileUvOu88"
console.warn: services.settings: Ignoring preference override of remote settings server
console.warn: services.settings: Allow by setting MOZ_REMOTE_SETTINGS_DEVTOOLS=1 in the environment
1688997087695	Marionette	INFO	Marionette enabled
console.error: "Warning: unrecognized command line flag -log-level\n"
console.error: "Warning: unrecognized command line flag -no-sandbox\n"
console.error: "Warning: unrecognized command line flag -remote-allow-hosts\n"
1688997088158	Marionette	INFO	Listening on port 58666
WebDriver BiDi listening on ws://127.0.0.1:58658
Read port: 58666
1688997088452	RemoteAgent	WARN	TLS certificate errors will be ignored for this session
UNSUPPORTED (log once): POSSIBLE ISSUE: unit 1 GLD_TEXTURE_INDEX_2D is unloadable and bound to sampler type (Float) - using zero texture because texture unloadable
DevTools listening on ws://127.0.0.1:58658/devtools/browser/bddc3673-276b-41e9-867e-4711f9e60b0f
[Child 10052, MediaDecoderStateMachine #1] WARNING: Decoder=11dd46e00 state=DECODING_METADATA Decode metadata failed, shutting down decoder: file /builds/worker/checkouts/gecko/dom/media/MediaDecoderStateMachine.cpp:372
[Child 10052, MediaDecoderStateMachine #1] WARNING: Decoder=11dd46e00 Decode error: NS_ERROR_DOM_MEDIA_METADATA_ERR (0x806e0006) - static MP4Metadata::ResultAndByteBuffer mozilla::MP4Metadata::Metadata(ByteStream *): Cannot parse metadata: file /builds/worker/checkouts/gecko/dom/media/MediaDecoderStateMachineBase.cpp:164
1688997236297	geckodriver	INFO	Listening on 127.0.0.1:58863
1688997236711	mozrunner::runner	INFO	Running command: MOZ_CRASHREPORTER="1" MOZ_CRASHREPORTER_NO_REPORT="1" MOZ_CRASHREPORTER_SHUTDOWN="1" MOZ_NO_REMOTE="1" "/App ... s" "localhost" "-foreground" "-no-remote" "-profile" "/var/folders/f_/bxc15jj137xdzs1qcqlkl9fm0000gn/T/rust_mozprofiletW6Qqe"
console.warn: services.settings: Ignoring preference override of remote settings server
console.warn: services.settings: Allow by setting MOZ_REMOTE_SETTINGS_DEVTOOLS=1 in the environment
1688997237232	Marionette	INFO	Marionette enabled
console.error: "Warning: unrecognized command line flag -log-level\n"
console.error: "Warning: unrecognized command line flag -no-sandbox\n"
console.error: "Warning: unrecognized command line flag -remote-allow-hosts\n"
1688997237493	Marionette	INFO	Listening on port 58871
WebDriver BiDi listening on ws://127.0.0.1:58864
Read port: 58871
1688997237714	RemoteAgent	WARN	TLS certificate errors will be ignored for this session
UNSUPPORTED (log once): POSSIBLE ISSUE: unit 1 GLD_TEXTURE_INDEX_2D is unloadable and bound to sampler type (Float) - using zero texture because texture unloadable
DevTools listening on ws://127.0.0.1:58864/devtools/browser/c45b0545-129b-4e42-b85a-7d87b064423c
1688997449474	geckodriver	INFO	Listening on 127.0.0.1:59092
1688997449894	mozrunner::runner	INFO	Running command: MOZ_CRASHREPORTER="1" MOZ_CRASHREPORTER_NO_REPORT="1" MOZ_CRASHREPORTER_SHUTDOWN="1" MOZ_NO_REMOTE="1" "/App ... s" "localhost" "-foreground" "-no-remote" "-profile" "/var/folders/f_/bxc15jj137xdzs1qcqlkl9fm0000gn/T/rust_mozprofileXstOg1"
console.warn: services.settings: Ignoring preference override of remote settings server
console.warn: services.settings: Allow by setting MOZ_REMOTE_SETTINGS_DEVTOOLS=1 in the environment
1688997450449	Marionette	INFO	Marionette enabled
console.error: "Warning: unrecognized command line flag -log-level\n"
console.error: "Warning: unrecognized command line flag -no-sandbox\n"
console.error: "Warning: unrecognized command line flag -remote-allow-hosts\n"
1688997450684	Marionette	INFO	Listening on port 59100
WebDriver BiDi listening on ws://127.0.0.1:59093
Read port: 59100
1688997450905	RemoteAgent	WARN	TLS certificate errors will be ignored for this session
UNSUPPORTED (log once): POSSIBLE ISSUE: unit 1 GLD_TEXTURE_INDEX_2D is unloadable and bound to sampler type (Float) - using zero texture because texture unloadable
DevTools listening on ws://127.0.0.1:59093/devtools/browser/2f59790b-f69d-4abb-ae0f-ea27d9ec9cba
1688997674697	geckodriver	INFO	Listening on 127.0.0.1:59338
1688997675111	mozrunner::runner	INFO	Running command: MOZ_CRASHREPORTER="1" MOZ_CRASHREPORTER_NO_REPORT="1" MOZ_CRASHREPORTER_SHUTDOWN="1" MOZ_NO_REMOTE="1" "/App ... s" "localhost" "-foreground" "-no-remote" "-profile" "/var/folders/f_/bxc15jj137xdzs1qcqlkl9fm0000gn/T/rust_mozprofileWgRIhn"
console.warn: services.settings: Ignoring preference override of remote settings server
console.warn: services.settings: Allow by setting MOZ_REMOTE_SETTINGS_DEVTOOLS=1 in the environment
1688997675615	Marionette	INFO	Marionette enabled
console.error: "Warning: unrecognized command line flag -log-level\n"
console.error: "Warning: unrecognized command line flag -no-sandbox\n"
console.error: "Warning: unrecognized command line flag -remote-allow-hosts\n"
1688997675849	Marionette	INFO	Listening on port 59346
WebDriver BiDi listening on ws://127.0.0.1:59339
Read port: 59346
1688997676070	RemoteAgent	WARN	TLS certificate errors will be ignored for this session
UNSUPPORTED (log once): POSSIBLE ISSUE: unit 1 GLD_TEXTURE_INDEX_2D is unloadable and bound to sampler type (Float) - using zero texture because texture unloadable
DevTools listening on ws://127.0.0.1:59339/devtools/browser/081be458-7775-4bde-8de4-4ed6d7dd3e3f
1688998834163	Marionette	INFO	Stopped listening on port 58666
1688998837649	Marionette	INFO	Stopped listening on port 58871
1688998838608	Marionette	INFO	Stopped listening on port 59100
1688998842904	Marionette	INFO	Stopped listening on port 59346
1688998858185	geckodriver	INFO	Listening on 127.0.0.1:59712
1688998858580	mozrunner::runner	INFO	Running command: MOZ_CRASHREPORTER="1" MOZ_CRASHREPORTER_NO_REPORT="1" MOZ_CRASHREPORTER_SHUTDOWN="1" MOZ_NO_REMOTE="1" "/App ... s" "localhost" "-foreground" "-no-remote" "-profile" "/var/folders/f_/bxc15jj137xdzs1qcqlkl9fm0000gn/T/rust_mozprofile2K4qPa"
console.warn: services.settings: Ignoring preference override of remote settings server
console.warn: services.settings: Allow by setting MOZ_REMOTE_SETTINGS_DEVTOOLS=1 in the environment
1688998859981	Marionette	INFO	Marionette enabled
console.error: "Warning: unrecognized command line flag -log-level\n"
console.error: "Warning: unrecognized command line flag -no-sandbox\n"
console.error: "Warning: unrecognized command line flag -remote-allow-hosts\n"
1688998861043	Marionette	INFO	Listening on port 59723
Read port: 59723
WebDriver BiDi listening on ws://127.0.0.1:59713
1688998861436	RemoteAgent	WARN	TLS certificate errors will be ignored for this session
UNSUPPORTED (log once): POSSIBLE ISSUE: unit 1 GLD_TEXTURE_INDEX_2D is unloadable and bound to sampler type (Float) - using zero texture because texture unloadable
DevTools listening on ws://127.0.0.1:59713/devtools/browser/9d647f8a-82f5-42d5-9a5d-30a356c60663
1688999227626	geckodriver	INFO	Listening on 127.0.0.1:60077
1688999228042	mozrunner::runner	INFO	Running command: MOZ_CRASHREPORTER="1" MOZ_CRASHREPORTER_NO_REPORT="1" MOZ_CRASHREPORTER_SHUTDOWN="1" MOZ_NO_REMOTE="1" "/App ... s" "localhost" "-foreground" "-no-remote" "-profile" "/var/folders/f_/bxc15jj137xdzs1qcqlkl9fm0000gn/T/rust_mozprofileQOJ4lw"
console.warn: services.settings: Ignoring preference override of remote settings server
console.warn: services.settings: Allow by setting MOZ_REMOTE_SETTINGS_DEVTOOLS=1 in the environment
1688999229185	Marionette	INFO	Marionette enabled
console.error: "Warning: unrecognized command line flag -log-level\n"
console.error: "Warning: unrecognized command line flag -no-sandbox\n"
console.error: "Warning: unrecognized command line flag -remote-allow-hosts\n"
1688999229655	Marionette	INFO	Listening on port 60085
WebDriver BiDi listening on ws://127.0.0.1:60078
Read port: 60085
1688999229878	RemoteAgent	WARN	TLS certificate errors will be ignored for this session
UNSUPPORTED (log once): POSSIBLE ISSUE: unit 1 GLD_TEXTURE_INDEX_2D is unloadable and bound to sampler type (Float) - using zero texture because texture unloadable
DevTools listening on ws://127.0.0.1:60078/devtools/browser/eb149edd-5f17-41a4-bc53-1fd506ab3e78
1688999271568	Marionette	INFO	Stopped listening on port 59723
1688999274303	Marionette	INFO	Stopped listening on port 60085
1688999278505	geckodriver	INFO	Listening on 127.0.0.1:60219
1688999278931	mozrunner::runner	INFO	Running command: MOZ_CRASHREPORTER="1" MOZ_CRASHREPORTER_NO_REPORT="1" MOZ_CRASHREPORTER_SHUTDOWN="1" MOZ_NO_REMOTE="1" "/App ... s" "localhost" "-foreground" "-no-remote" "-profile" "/var/folders/f_/bxc15jj137xdzs1qcqlkl9fm0000gn/T/rust_mozprofileR7JDKJ"
console.warn: services.settings: Ignoring preference override of remote settings server
console.warn: services.settings: Allow by setting MOZ_REMOTE_SETTINGS_DEVTOOLS=1 in the environment
1688999279379	Marionette	INFO	Marionette enabled
console.error: "Warning: unrecognized command line flag -log-level\n"
console.error: "Warning: unrecognized command line flag -no-sandbox\n"
console.error: "Warning: unrecognized command line flag -remote-allow-hosts\n"
1688999279616	Marionette	INFO	Listening on port 60227
WebDriver BiDi listening on ws://127.0.0.1:60220
Read port: 60227
1688999279789	RemoteAgent	WARN	TLS certificate errors will be ignored for this session
UNSUPPORTED (log once): POSSIBLE ISSUE: unit 1 GLD_TEXTURE_INDEX_2D is unloadable and bound to sampler type (Float) - using zero texture because texture unloadable
DevTools listening on ws://127.0.0.1:60220/devtools/browser/2e2651e3-f80d-427e-a5b3-990b29a518f2
[Child 12609, MediaDecoderStateMachine #2] WARNING: Decoder=11231cd00 state=DECODING_METADATA Decode metadata failed, shutting down decoder: file /builds/worker/checkouts/gecko/dom/media/MediaDecoderStateMachine.cpp:372
[Child 12609, MediaDecoderStateMachine #2] WARNING: Decoder=11231cd00 Decode error: NS_ERROR_DOM_MEDIA_METADATA_ERR (0x806e0006) - static MP4Metadata::ResultAndByteBuffer mozilla::MP4Metadata::Metadata(ByteStream *): Cannot parse metadata: file /builds/worker/checkouts/gecko/dom/media/MediaDecoderStateMachineBase.cpp:164
[Child 12609, MediaDecoderStateMachine #2] WARNING: Decoder=112919300 state=DECODING_METADATA Decode metadata failed, shutting down decoder: file /builds/worker/checkouts/gecko/dom/media/MediaDecoderStateMachine.cpp:372
[Child 12609, MediaDecoderStateMachine #2] WARNING: Decoder=112919300 Decode error: NS_ERROR_DOM_MEDIA_METADATA_ERR (0x806e0006) - static MP4Metadata::ResultAndByteBuffer mozilla::MP4Metadata::Metadata(ByteStream *): Cannot parse metadata: file /builds/worker/checkouts/gecko/dom/media/MediaDecoderStateMachineBase.cpp:164
1689005789933	geckodriver	INFO	Listening on 127.0.0.1:61338
1689005790072	mozrunner::runner	INFO	Running command: MOZ_CRASHREPORTER="1" MOZ_CRASHREPORTER_NO_REPORT="1" MOZ_CRASHREPORTER_SHUTDOWN="1" MOZ_NO_REMOTE="1" "/App ... s" "localhost" "-foreground" "-no-remote" "-profile" "/var/folders/f_/bxc15jj137xdzs1qcqlkl9fm0000gn/T/rust_mozprofilead26HM"
console.warn: services.settings: Ignoring preference override of remote settings server
console.warn: services.settings: Allow by setting MOZ_REMOTE_SETTINGS_DEVTOOLS=1 in the environment
1689005791674	Marionette	INFO	Marionette enabled
console.error: "Warning: unrecognized command line flag -log-level\n"
console.error: "Warning: unrecognized command line flag -no-sandbox\n"
console.error: "Warning: unrecognized command line flag -remote-allow-hosts\n"
1689005793153	Marionette	INFO	Listening on port 61346
Read port: 61346
WebDriver BiDi listening on ws://127.0.0.1:61339
1689005793262	RemoteAgent	WARN	TLS certificate errors will be ignored for this session
UNSUPPORTED (log once): POSSIBLE ISSUE: unit 1 GLD_TEXTURE_INDEX_2D is unloadable and bound to sampler type (Float) - using zero texture because texture unloadable
DevTools listening on ws://127.0.0.1:61339/devtools/browser/76f367e3-3c18-414b-be83-cb9f10a4ed8f
console.warn: LoginRecipes: "Falling back to a synchronous message for: https://www.freelancer.com."
console.warn: LoginRecipes: "Falling back to a synchronous message for: https://www.freelancer.com."
console.warn: LoginRecipes: "Falling back to a synchronous message for: https://www.freelancer.com."
console.warn: LoginRecipes: "Falling back to a synchronous message for: https://www.freelancer.com."
console.warn: LoginRecipes: "Falling back to a synchronous message for: https://www.freelancer.com."
JavaScript warning: https://cdn1.f-cdn.com/rASDL7fuNPQqJ_hF?d8c233bc39aa2924=cd7BLdVeldDw-E-IVKjrkZp5UknpK0n-SQL7FmZlf36t0bNY7z9W96-J53WITCATIFBYlRSE3AtYtNwk4TRzp-KA0jzn2Zz4xOwZnGPnaMPJanRvN359qK_ZLv4-uBd-nI_pqrteNklsN3S5wIJ2F23vtIY5RZcwH3KOwlqmTFoLmnCdcQKJeE62esuOymuAI0SO7JIwF_A960Y_soV3aplyXbuyIEy7KT-9B8xgSh-NMr6wM3Y1knO97-V3vHHhrvjTXpBdO7E&jb=36372426687b6d773f4d696b2e68716f3f4f63632730304f51273a325a2d323039322c31352e687b62773d44697065646f782e62716a354e61706764677a253238393135, line 742: WEBGL_debug_renderer_info is deprecated in Firefox and will be removed. Please use RENDERER.
1689006114641	Marionette	INFO	Stopped listening on port 60227
1689006115946	Marionette	INFO	Stopped listening on port 61346
1689006161291	geckodriver	INFO	Listening on 127.0.0.1:61678
1689006161680	mozrunner::runner	INFO	Running command: MOZ_CRASHREPORTER="1" MOZ_CRASHREPORTER_NO_REPORT="1" MOZ_CRASHREPORTER_SHUTDOWN="1" MOZ_NO_REMOTE="1" "/App ... s" "localhost" "-foreground" "-no-remote" "-profile" "/var/folders/f_/bxc15jj137xdzs1qcqlkl9fm0000gn/T/rust_mozprofileWQPDCU"
console.warn: services.settings: Ignoring preference override of remote settings server
console.warn: services.settings: Allow by setting MOZ_REMOTE_SETTINGS_DEVTOOLS=1 in the environment
1689006163064	Marionette	INFO	Marionette enabled
console.error: "Warning: unrecognized command line flag -log-level\n"
console.error: "Warning: unrecognized command line flag -no-sandbox\n"
console.error: "Warning: unrecognized command line flag -remote-allow-hosts\n"
1689006163550	Marionette	INFO	Listening on port 61688
WebDriver BiDi listening on ws://127.0.0.1:61679
Read port: 61688
1689006163894	RemoteAgent	WARN	TLS certificate errors will be ignored for this session
UNSUPPORTED (log once): POSSIBLE ISSUE: unit 1 GLD_TEXTURE_INDEX_2D is unloadable and bound to sampler type (Float) - using zero texture because texture unloadable
DevTools listening on ws://127.0.0.1:61679/devtools/browser/d0f4df9f-4b0f-479b-bcc2-3c21e28ad387
[Child 15330, MediaDecoderStateMachine #1] WARNING: Decoder=11d4b6500 state=DECODING_METADATA Decode metadata failed, shutting down decoder: file /builds/worker/checkouts/gecko/dom/media/MediaDecoderStateMachine.cpp:372
[Child 15330, MediaDecoderStateMachine #1] WARNING: Decoder=11d4b6500 Decode error: NS_ERROR_DOM_MEDIA_METADATA_ERR (0x806e0006) - static MP4Metadata::ResultAndByteBuffer mozilla::MP4Metadata::Metadata(ByteStream *): Cannot parse metadata: file /builds/worker/checkouts/gecko/dom/media/MediaDecoderStateMachineBase.cpp:164
Exiting due to channel error.
Exiting due to channel error.
Exiting due to channel error.
Exiting due to channel error.
Exiting due to channel error.
Exiting due to channel error.
1689006758190	geckodriver	INFO	Listening on 127.0.0.1:62183
1689006758605	mozrunner::runner	INFO	Running command: MOZ_CRASHREPORTER="1" MOZ_CRASHREPORTER_NO_REPORT="1" MOZ_CRASHREPORTER_SHUTDOWN="1" MOZ_NO_REMOTE="1" "/App ... s" "localhost" "-foreground" "-no-remote" "-profile" "/var/folders/f_/bxc15jj137xdzs1qcqlkl9fm0000gn/T/rust_mozprofilejDXSzD"
console.warn: services.settings: Ignoring preference override of remote settings server
console.warn: services.settings: Allow by setting MOZ_REMOTE_SETTINGS_DEVTOOLS=1 in the environment
1689006759214	Marionette	INFO	Marionette enabled
console.error: "Warning: unrecognized command line flag -log-level\n"
console.error: "Warning: unrecognized command line flag -no-sandbox\n"
console.error: "Warning: unrecognized command line flag -remote-allow-hosts\n"
1689006759582	Marionette	INFO	Listening on port 62193
Read port: 62193
WebDriver BiDi listening on ws://127.0.0.1:62184
1689006759736	RemoteAgent	WARN	TLS certificate errors will be ignored for this session
UNSUPPORTED (log once): POSSIBLE ISSUE: unit 1 GLD_TEXTURE_INDEX_2D is unloadable and bound to sampler type (Float) - using zero texture because texture unloadable
DevTools listening on ws://127.0.0.1:62184/devtools/browser/e725183d-bc4f-478b-890e-a4383abd7bcf
Exiting due to channel error.
Exiting due to channel error.
Exiting due to channel error.
Exiting due to channel error.
Exiting due to channel error.
Exiting due to channel error.
1689007591904	geckodriver	INFO	Listening on 127.0.0.1:62860
1689007592303	mozrunner::runner	INFO	Running command: MOZ_CRASHREPORTER="1" MOZ_CRASHREPORTER_NO_REPORT="1" MOZ_CRASHREPORTER_SHUTDOWN="1" MOZ_NO_REMOTE="1" "/App ... s" "localhost" "-foreground" "-no-remote" "-profile" "/var/folders/f_/bxc15jj137xdzs1qcqlkl9fm0000gn/T/rust_mozprofileMlAHVY"
console.warn: services.settings: Ignoring preference override of remote settings server
console.warn: services.settings: Allow by setting MOZ_REMOTE_SETTINGS_DEVTOOLS=1 in the environment
1689007592985	Marionette	INFO	Marionette enabled
console.error: "Warning: unrecognized command line flag -log-level\n"
console.error: "Warning: unrecognized command line flag -no-sandbox\n"
console.error: "Warning: unrecognized command line flag -remote-allow-hosts\n"
1689007593514	Marionette	INFO	Listening on port 62868
WebDriver BiDi listening on ws://127.0.0.1:62861
Read port: 62868
1689007593790	RemoteAgent	WARN	TLS certificate errors will be ignored for this session
UNSUPPORTED (log once): POSSIBLE ISSUE: unit 1 GLD_TEXTURE_INDEX_2D is unloadable and bound to sampler type (Float) - using zero texture because texture unloadable
DevTools listening on ws://127.0.0.1:62861/devtools/browser/247474e7-1864-44fb-a93d-493174dcd33f
1689007616636	Marionette	INFO	Stopped listening on port 62868
1689007627353	geckodriver	INFO	Listening on 127.0.0.1:62987
1689007627619	mozrunner::runner	INFO	Running command: MOZ_CRASHREPORTER="1" MOZ_CRASHREPORTER_NO_REPORT="1" MOZ_CRASHREPORTER_SHUTDOWN="1" MOZ_NO_REMOTE="1" "/App ... s" "localhost" "-foreground" "-no-remote" "-profile" "/var/folders/f_/bxc15jj137xdzs1qcqlkl9fm0000gn/T/rust_mozprofilet5av3C"
*** You are running in headless mode.
console.warn: services.settings: Ignoring preference override of remote settings server
console.warn: services.settings: Allow by setting MOZ_REMOTE_SETTINGS_DEVTOOLS=1 in the environment
1689007628429	Marionette	INFO	Marionette enabled
console.error: "Warning: unrecognized command line flag -log-level\n"
console.error: "Warning: unrecognized command line flag -no-sandbox\n"
console.error: "Warning: unrecognized command line flag -remote-allow-hosts\n"
1689007628934	Marionette	INFO	Listening on port 62999
WebDriver BiDi listening on ws://127.0.0.1:62988
Read port: 62999
1689007629319	RemoteAgent	WARN	TLS certificate errors will be ignored for this session
[GFX1-]: RenderCompositorSWGL failed mapping default framebuffer, no dt
DevTools listening on ws://127.0.0.1:62988/devtools/browser/751d98ec-434a-45e5-b7ce-400af9ddfefd
1689007637235	Marionette	INFO	Stopped listening on port 62999
1689007669501	geckodriver	INFO	Listening on 127.0.0.1:63091
1689007669921	mozrunner::runner	INFO	Running command: MOZ_CRASHREPORTER="1" MOZ_CRASHREPORTER_NO_REPORT="1" MOZ_CRASHREPORTER_SHUTDOWN="1" MOZ_NO_REMOTE="1" "/App ... s" "localhost" "-foreground" "-no-remote" "-profile" "/var/folders/f_/bxc15jj137xdzs1qcqlkl9fm0000gn/T/rust_mozprofilegKvSuP"
console.warn: services.settings: Ignoring preference override of remote settings server
console.warn: services.settings: Allow by setting MOZ_REMOTE_SETTINGS_DEVTOOLS=1 in the environment
1689007670458	Marionette	INFO	Marionette enabled
console.error: "Warning: unrecognized command line flag -log-level\n"
console.error: "Warning: unrecognized command line flag -no-sandbox\n"
console.error: "Warning: unrecognized command line flag -remote-allow-hosts\n"
1689007670930	Marionette	INFO	Listening on port 63099
Read port: 63099
WebDriver BiDi listening on ws://127.0.0.1:63092
1689007671113	RemoteAgent	WARN	TLS certificate errors will be ignored for this session
UNSUPPORTED (log once): POSSIBLE ISSUE: unit 1 GLD_TEXTURE_INDEX_2D is unloadable and bound to sampler type (Float) - using zero texture because texture unloadable
DevTools listening on ws://127.0.0.1:63092/devtools/browser/7e0b2058-6b17-4f40-9f32-b57dfd0fe708
1689007677431	Marionette	INFO	Stopped listening on port 63099
1689007753850	geckodriver	INFO	Listening on 127.0.0.1:63227
1689007754274	mozrunner::runner	INFO	Running command: MOZ_CRASHREPORTER="1" MOZ_CRASHREPORTER_NO_REPORT="1" MOZ_CRASHREPORTER_SHUTDOWN="1" MOZ_NO_REMOTE="1" "/App ... s" "localhost" "-foreground" "-no-remote" "-profile" "/var/folders/f_/bxc15jj137xdzs1qcqlkl9fm0000gn/T/rust_mozprofilem3mAjH"
console.warn: services.settings: Ignoring preference override of remote settings server
console.warn: services.settings: Allow by setting MOZ_REMOTE_SETTINGS_DEVTOOLS=1 in the environment
1689007754932	Marionette	INFO	Marionette enabled
console.error: "Warning: unrecognized command line flag -log-level\n"
console.error: "Warning: unrecognized command line flag -no-sandbox\n"
console.error: "Warning: unrecognized command line flag -remote-allow-hosts\n"
1689007755713	Marionette	INFO	Listening on port 63235
Read port: 63235
WebDriver BiDi listening on ws://127.0.0.1:63228
1689007755790	RemoteAgent	WARN	TLS certificate errors will be ignored for this session
UNSUPPORTED (log once): POSSIBLE ISSUE: unit 1 GLD_TEXTURE_INDEX_2D is unloadable and bound to sampler type (Float) - using zero texture because texture unloadable
DevTools listening on ws://127.0.0.1:63228/devtools/browser/c2ebacb4-42a1-456b-a401-56b3f90e06dc
[Child 19186, MediaDecoderStateMachine #1] WARNING: Decoder=11e01ab00 state=DECODING_METADATA Decode metadata failed, shutting down decoder: file /builds/worker/checkouts/gecko/dom/media/MediaDecoderStateMachine.cpp:372
[Child 19186, MediaDecoderStateMachine #1] WARNING: Decoder=11e01ab00 Decode error: NS_ERROR_DOM_MEDIA_METADATA_ERR (0x806e0006) - static MP4Metadata::ResultAndByteBuffer mozilla::MP4Metadata::Metadata(ByteStream *): Cannot parse metadata: file /builds/worker/checkouts/gecko/dom/media/MediaDecoderStateMachineBase.cpp:164
Exiting due to channel error.
Exiting due to channel error.
Exiting due to channel error.
Exiting due to channel error.
Exiting due to channel error.
Exiting due to channel error.
1689008043984	geckodriver	INFO	Listening on 127.0.0.1:63545
1689008044400	mozrunner::runner	INFO	Running command: MOZ_CRASHREPORTER="1" MOZ_CRASHREPORTER_NO_REPORT="1" MOZ_CRASHREPORTER_SHUTDOWN="1" MOZ_NO_REMOTE="1" "/App ... s" "localhost" "-foreground" "-no-remote" "-profile" "/var/folders/f_/bxc15jj137xdzs1qcqlkl9fm0000gn/T/rust_mozprofileWrtGGO"
console.warn: services.settings: Ignoring preference override of remote settings server
console.warn: services.settings: Allow by setting MOZ_REMOTE_SETTINGS_DEVTOOLS=1 in the environment
1689008044970	Marionette	INFO	Marionette enabled
console.error: "Warning: unrecognized command line flag -log-level\n"
console.error: "Warning: unrecognized command line flag -no-sandbox\n"
console.error: "Warning: unrecognized command line flag -remote-allow-hosts\n"
1689008045273	Marionette	INFO	Listening on port 63553
Read port: 63553
WebDriver BiDi listening on ws://127.0.0.1:63546
1689008045394	RemoteAgent	WARN	TLS certificate errors will be ignored for this session
UNSUPPORTED (log once): POSSIBLE ISSUE: unit 1 GLD_TEXTURE_INDEX_2D is unloadable and bound to sampler type (Float) - using zero texture because texture unloadable
DevTools listening on ws://127.0.0.1:63546/devtools/browser/537d1791-a0cf-49f5-b393-1138a8291e37
Exiting due to channel error.
Exiting due to channel error.
Exiting due to channel error.
Exiting due to channel error.
Exiting due to channel error.
Exiting due to channel error.
