2023-08-10 07:28:16,158 - context.driver_context: 28 - INFO - Current Mode: with-header
2023-08-10 07:28:23,966 - pages.browse_projects_page: 12 - INFO - Browsing projects...
2023-08-10 07:28:31,897 - actions.dom_action: 161 - INFO - Timeout waiting for element in //fl-project-contest-card/parent::a | //a[@class='search-result-link'] to load
2023-08-10 07:28:31,976 - __main__: 30 - INFO - Browsed 10 projects
2023-08-10 07:29:06,378 - __main__: 39 - INFO - Unable to complete bid on https://www.freelancer.com/projects/python/Proxy-Recaptcha-Headless-Browser-Expert
2023-08-10 07:29:06,378 - __main__: 39 - INFO - Unable to complete bid on https://www.freelancer.com/projects/python/Proxy-Recaptcha-Headless-Browser-Expert
2023-08-10 07:29:06,380 - pages.browse_projects_page: 12 - INFO - Browsing projects...
2023-08-10 07:29:06,380 - pages.browse_projects_page: 12 - INFO - Browsing projects...
2023-08-10 07:29:13,892 - actions.dom_action: 161 - INFO - Timeout waiting for element in //fl-project-contest-card/parent::a | //a[@class='search-result-link'] to load
2023-08-10 07:29:14,072 - __main__: 30 - INFO - Browsed 20 projects
2023-08-10 07:29:14,072 - __main__: 30 - INFO - Browsed 20 projects
2023-08-10 07:29:14,072 - __main__: 30 - INFO - Browsed 20 projects
2023-08-10 07:30:34,694 - __main__: 39 - INFO - Unable to complete bid on https://www.freelancer.com/projects/tableau/Tableau-Visualization-help-needed
2023-08-10 07:30:34,694 - __main__: 39 - INFO - Unable to complete bid on https://www.freelancer.com/projects/tableau/Tableau-Visualization-help-needed
2023-08-10 07:30:34,694 - __main__: 39 - INFO - Unable to complete bid on https://www.freelancer.com/projects/tableau/Tableau-Visualization-help-needed
2023-08-10 07:30:34,694 - __main__: 39 - INFO - Unable to complete bid on https://www.freelancer.com/projects/tableau/Tableau-Visualization-help-needed
2023-08-10 07:30:34,702 - pages.browse_projects_page: 12 - INFO - Browsing projects...
2023-08-10 07:30:34,702 - pages.browse_projects_page: 12 - INFO - Browsing projects...
2023-08-10 07:30:34,702 - pages.browse_projects_page: 12 - INFO - Browsing projects...
2023-08-10 07:30:44,541 - actions.dom_action: 161 - INFO - Timeout waiting for element in //fl-project-contest-card/parent::a | //a[@class='search-result-link'] to load
2023-08-10 07:30:44,732 - __main__: 30 - INFO - Browsed 20 projects
2023-08-10 07:30:44,732 - __main__: 30 - INFO - Browsed 20 projects
2023-08-10 07:30:44,732 - __main__: 30 - INFO - Browsed 20 projects
2023-08-10 07:30:44,732 - __main__: 30 - INFO - Browsed 20 projects
2023-08-10 07:30:44,732 - __main__: 30 - INFO - Browsed 20 projects
2023-08-10 07:32:12,623 - context.driver_context: 45 - ERROR - <traceback object at 0x126a33380>
Traceback (most recent call last):
  File "/Users/isaacomolewa/CWD/Freelancer-Bot/main.py", line 34, in <module>
    action.switch_frame(link)
  File "/Users/isaacomolewa/CWD/Freelancer-Bot/actions/dom_action.py", line 123, in switch_frame
    self.driver.execute_script(f"""window.open("{url}","_self");""")
  File "/Users/isaacomolewa/.pyenv/versions/3.11.4/lib/python3.11/site-packages/selenium/webdriver/remote/webdriver.py", line 405, in execute_script
    return self.execute(command, {"script": script, "args": converted_args})["value"]
           ^^^^^^^^^^^^^^^^^^^^^^^^^^^^^^^^^^^^^^^^^^^^^^^^^^^^^^^^^^^^^^^^^
  File "/Users/isaacomolewa/.pyenv/versions/3.11.4/lib/python3.11/site-packages/selenium/webdriver/remote/webdriver.py", line 343, in execute
    response = self.command_executor.execute(driver_command, params)
               ^^^^^^^^^^^^^^^^^^^^^^^^^^^^^^^^^^^^^^^^^^^^^^^^^^^^^
  File "/Users/isaacomolewa/.pyenv/versions/3.11.4/lib/python3.11/site-packages/selenium/webdriver/remote/remote_connection.py", line 291, in execute
    return self._request(command_info[0], url, body=data)
           ^^^^^^^^^^^^^^^^^^^^^^^^^^^^^^^^^^^^^^^^^^^^^^
  File "/Users/isaacomolewa/.pyenv/versions/3.11.4/lib/python3.11/site-packages/selenium/webdriver/remote/remote_connection.py", line 312, in _request
    response = self._conn.request(method, url, body=body, headers=headers)
               ^^^^^^^^^^^^^^^^^^^^^^^^^^^^^^^^^^^^^^^^^^^^^^^^^^^^^^^^^^^
  File "/Users/isaacomolewa/.pyenv/versions/3.11.4/lib/python3.11/site-packages/urllib3/_request_methods.py", line 118, in request
    return self.request_encode_body(
           ^^^^^^^^^^^^^^^^^^^^^^^^^
  File "/Users/isaacomolewa/.pyenv/versions/3.11.4/lib/python3.11/site-packages/urllib3/_request_methods.py", line 217, in request_encode_body
    return self.urlopen(method, url, **extra_kw)
           ^^^^^^^^^^^^^^^^^^^^^^^^^^^^^^^^^^^^^
  File "/Users/isaacomolewa/.pyenv/versions/3.11.4/lib/python3.11/site-packages/urllib3/poolmanager.py", line 443, in urlopen
    response = conn.urlopen(method, u.request_uri, **kw)
               ^^^^^^^^^^^^^^^^^^^^^^^^^^^^^^^^^^^^^^^^^
  File "/Users/isaacomolewa/.pyenv/versions/3.11.4/lib/python3.11/site-packages/urllib3/connectionpool.py", line 790, in urlopen
    response = self._make_request(
               ^^^^^^^^^^^^^^^^^^^
  File "/Users/isaacomolewa/.pyenv/versions/3.11.4/lib/python3.11/site-packages/urllib3/connectionpool.py", line 536, in _make_request
    response = conn.getresponse()
               ^^^^^^^^^^^^^^^^^^
  File "/Users/isaacomolewa/.pyenv/versions/3.11.4/lib/python3.11/site-packages/urllib3/connection.py", line 461, in getresponse
    httplib_response = super().getresponse()
                       ^^^^^^^^^^^^^^^^^^^^^
  File "/Users/isaacomolewa/.pyenv/versions/3.11.4/lib/python3.11/http/client.py", line 1378, in getresponse
    response.begin()
  File "/Users/isaacomolewa/.pyenv/versions/3.11.4/lib/python3.11/http/client.py", line 318, in begin
    version, status, reason = self._read_status()
                              ^^^^^^^^^^^^^^^^^^^
  File "/Users/isaacomolewa/.pyenv/versions/3.11.4/lib/python3.11/http/client.py", line 279, in _read_status
    line = str(self.fp.readline(_MAXLINE + 1), "iso-8859-1")
               ^^^^^^^^^^^^^^^^^^^^^^^^^^^^^^
  File "/Users/isaacomolewa/.pyenv/versions/3.11.4/lib/python3.11/socket.py", line 706, in readinto
    return self._sock.recv_into(b)
           ^^^^^^^^^^^^^^^^^^^^^^^
KeyboardInterrupt
2023-08-10 07:32:12,623 - context.driver_context: 45 - ERROR - <traceback object at 0x126a33380>
Traceback (most recent call last):
  File "/Users/isaacomolewa/CWD/Freelancer-Bot/main.py", line 34, in <module>
    action.switch_frame(link)
  File "/Users/isaacomolewa/CWD/Freelancer-Bot/actions/dom_action.py", line 123, in switch_frame
    self.driver.execute_script(f"""window.open("{url}","_self");""")
  File "/Users/isaacomolewa/.pyenv/versions/3.11.4/lib/python3.11/site-packages/selenium/webdriver/remote/webdriver.py", line 405, in execute_script
    return self.execute(command, {"script": script, "args": converted_args})["value"]
           ^^^^^^^^^^^^^^^^^^^^^^^^^^^^^^^^^^^^^^^^^^^^^^^^^^^^^^^^^^^^^^^^^
  File "/Users/isaacomolewa/.pyenv/versions/3.11.4/lib/python3.11/site-packages/selenium/webdriver/remote/webdriver.py", line 343, in execute
    response = self.command_executor.execute(driver_command, params)
               ^^^^^^^^^^^^^^^^^^^^^^^^^^^^^^^^^^^^^^^^^^^^^^^^^^^^^
  File "/Users/isaacomolewa/.pyenv/versions/3.11.4/lib/python3.11/site-packages/selenium/webdriver/remote/remote_connection.py", line 291, in execute
    return self._request(command_info[0], url, body=data)
           ^^^^^^^^^^^^^^^^^^^^^^^^^^^^^^^^^^^^^^^^^^^^^^
  File "/Users/isaacomolewa/.pyenv/versions/3.11.4/lib/python3.11/site-packages/selenium/webdriver/remote/remote_connection.py", line 312, in _request
    response = self._conn.request(method, url, body=body, headers=headers)
               ^^^^^^^^^^^^^^^^^^^^^^^^^^^^^^^^^^^^^^^^^^^^^^^^^^^^^^^^^^^
  File "/Users/isaacomolewa/.pyenv/versions/3.11.4/lib/python3.11/site-packages/urllib3/_request_methods.py", line 118, in request
    return self.request_encode_body(
           ^^^^^^^^^^^^^^^^^^^^^^^^^
  File "/Users/isaacomolewa/.pyenv/versions/3.11.4/lib/python3.11/site-packages/urllib3/_request_methods.py", line 217, in request_encode_body
    return self.urlopen(method, url, **extra_kw)
           ^^^^^^^^^^^^^^^^^^^^^^^^^^^^^^^^^^^^^
  File "/Users/isaacomolewa/.pyenv/versions/3.11.4/lib/python3.11/site-packages/urllib3/poolmanager.py", line 443, in urlopen
    response = conn.urlopen(method, u.request_uri, **kw)
               ^^^^^^^^^^^^^^^^^^^^^^^^^^^^^^^^^^^^^^^^^
  File "/Users/isaacomolewa/.pyenv/versions/3.11.4/lib/python3.11/site-packages/urllib3/connectionpool.py", line 790, in urlopen
    response = self._make_request(
               ^^^^^^^^^^^^^^^^^^^
  File "/Users/isaacomolewa/.pyenv/versions/3.11.4/lib/python3.11/site-packages/urllib3/connectionpool.py", line 536, in _make_request
    response = conn.getresponse()
               ^^^^^^^^^^^^^^^^^^
  File "/Users/isaacomolewa/.pyenv/versions/3.11.4/lib/python3.11/site-packages/urllib3/connection.py", line 461, in getresponse
    httplib_response = super().getresponse()
                       ^^^^^^^^^^^^^^^^^^^^^
  File "/Users/isaacomolewa/.pyenv/versions/3.11.4/lib/python3.11/http/client.py", line 1378, in getresponse
    response.begin()
  File "/Users/isaacomolewa/.pyenv/versions/3.11.4/lib/python3.11/http/client.py", line 318, in begin
    version, status, reason = self._read_status()
                              ^^^^^^^^^^^^^^^^^^^
  File "/Users/isaacomolewa/.pyenv/versions/3.11.4/lib/python3.11/http/client.py", line 279, in _read_status
    line = str(self.fp.readline(_MAXLINE + 1), "iso-8859-1")
               ^^^^^^^^^^^^^^^^^^^^^^^^^^^^^^
  File "/Users/isaacomolewa/.pyenv/versions/3.11.4/lib/python3.11/socket.py", line 706, in readinto
    return self._sock.recv_into(b)
           ^^^^^^^^^^^^^^^^^^^^^^^
KeyboardInterrupt
2023-08-10 07:32:12,649 - context.driver_context: 46 - INFO - Exiting driver context
2023-08-10 07:32:12,649 - context.driver_context: 46 - INFO - Exiting driver context
2023-08-10 07:32:12,649 - context.driver_context: 46 - INFO - Exiting driver context
2023-08-10 07:32:15,731 - context.driver_context: 28 - INFO - Current Mode: with-header
2023-08-10 07:32:22,541 - pages.browse_projects_page: 12 - INFO - Browsing projects...
2023-08-10 07:32:31,139 - actions.dom_action: 161 - INFO - Timeout waiting for element in //fl-project-contest-card/parent::a | //a[@class='search-result-link'] to load
2023-08-10 07:32:31,258 - __main__: 30 - INFO - Browsed 20 projects
2023-08-10 07:34:12,181 - __main__: 39 - INFO - Unable to complete bid on https://www.freelancer.com/projects/python/Amazon-link-converter
2023-08-10 07:34:12,181 - __main__: 39 - INFO - Unable to complete bid on https://www.freelancer.com/projects/python/Amazon-link-converter
2023-08-10 07:34:12,185 - pages.browse_projects_page: 12 - INFO - Browsing projects...
2023-08-10 07:34:12,185 - pages.browse_projects_page: 12 - INFO - Browsing projects...
2023-08-10 07:34:17,444 - actions.dom_action: 161 - INFO - Timeout waiting for element in //fl-project-contest-card/parent::a | //a[@class='search-result-link'] to load
2023-08-10 07:34:17,560 - __main__: 30 - INFO - Browsed 20 projects
2023-08-10 07:34:17,560 - __main__: 30 - INFO - Browsed 20 projects
2023-08-10 07:34:17,560 - __main__: 30 - INFO - Browsed 20 projects
2023-08-10 07:35:58,185 - __main__: 39 - INFO - Unable to complete bid on https://www.freelancer.com/projects/python/Amazon-link-converter
2023-08-10 07:35:58,185 - __main__: 39 - INFO - Unable to complete bid on https://www.freelancer.com/projects/python/Amazon-link-converter
2023-08-10 07:35:58,185 - __main__: 39 - INFO - Unable to complete bid on https://www.freelancer.com/projects/python/Amazon-link-converter
2023-08-10 07:35:58,185 - __main__: 39 - INFO - Unable to complete bid on https://www.freelancer.com/projects/python/Amazon-link-converter
2023-08-10 07:35:58,187 - pages.browse_projects_page: 12 - INFO - Browsing projects...
2023-08-10 07:35:58,187 - pages.browse_projects_page: 12 - INFO - Browsing projects...
2023-08-10 07:35:58,187 - pages.browse_projects_page: 12 - INFO - Browsing projects...
2023-08-10 07:36:06,488 - actions.dom_action: 161 - INFO - Timeout waiting for element in //fl-project-contest-card/parent::a | //a[@class='search-result-link'] to load
2023-08-10 07:36:06,617 - __main__: 30 - INFO - Browsed 20 projects
2023-08-10 07:36:06,617 - __main__: 30 - INFO - Browsed 20 projects
2023-08-10 07:36:06,617 - __main__: 30 - INFO - Browsed 20 projects
2023-08-10 07:36:06,617 - __main__: 30 - INFO - Browsed 20 projects
2023-08-10 07:36:06,617 - __main__: 30 - INFO - Browsed 20 projects
2023-08-10 07:37:47,492 - __main__: 39 - INFO - Unable to complete bid on https://www.freelancer.com/projects/tableau/Tableau-Visualization-help-needed
2023-08-10 07:37:47,492 - __main__: 39 - INFO - Unable to complete bid on https://www.freelancer.com/projects/tableau/Tableau-Visualization-help-needed
2023-08-10 07:37:47,492 - __main__: 39 - INFO - Unable to complete bid on https://www.freelancer.com/projects/tableau/Tableau-Visualization-help-needed
2023-08-10 07:37:47,492 - __main__: 39 - INFO - Unable to complete bid on https://www.freelancer.com/projects/tableau/Tableau-Visualization-help-needed
2023-08-10 07:37:47,492 - __main__: 39 - INFO - Unable to complete bid on https://www.freelancer.com/projects/tableau/Tableau-Visualization-help-needed
2023-08-10 07:37:47,492 - __main__: 39 - INFO - Unable to complete bid on https://www.freelancer.com/projects/tableau/Tableau-Visualization-help-needed
2023-08-10 07:37:47,496 - pages.browse_projects_page: 12 - INFO - Browsing projects...
2023-08-10 07:37:47,496 - pages.browse_projects_page: 12 - INFO - Browsing projects...
2023-08-10 07:37:47,496 - pages.browse_projects_page: 12 - INFO - Browsing projects...
2023-08-10 07:37:47,496 - pages.browse_projects_page: 12 - INFO - Browsing projects...
2023-08-10 07:37:59,875 - actions.dom_action: 161 - INFO - Timeout waiting for element in //fl-project-contest-card/parent::a | //a[@class='search-result-link'] to load
2023-08-10 07:38:00,012 - __main__: 30 - INFO - Browsed 20 projects
2023-08-10 07:38:00,012 - __main__: 30 - INFO - Browsed 20 projects
2023-08-10 07:38:00,012 - __main__: 30 - INFO - Browsed 20 projects
2023-08-10 07:38:00,012 - __main__: 30 - INFO - Browsed 20 projects
2023-08-10 07:38:00,012 - __main__: 30 - INFO - Browsed 20 projects
2023-08-10 07:38:00,012 - __main__: 30 - INFO - Browsed 20 projects
2023-08-10 07:38:00,012 - __main__: 30 - INFO - Browsed 20 projects
